DEBUG: Entering subroutine MIO:InputInit
DEBUG: Finished subroutine MIO:InputInit
DEBUG: Entering subroutine CellGet
DEBUG: Finished subroutine CellGet
DEBUG: Entering subroutine AtomsPos
DEBUG: Entering subroutine AtomsOrder
DEBUG: Entering subroutine AtomsSort
DEBUG: Finished subroutine AtomsSort
DEBUG: Finished subroutine AtomsOrder
DEBUG: Entering subroutine AtomsSetCart
DEBUG: Finished subroutine AtomsSetCart
DEBUG: Finished subroutine AtomsPos
DEBUG: Entering subroutine HamInit
DEBUG: Entering subroutine HamOnSite
DEBUG: Finished subroutine HamOnSite
DEBUG: Finished subroutine HamInit
DEBUG: Entering subroutine MagfInit
DEBUG: Finished subroutine MagfInit
DEBUG: Entering subroutine HaldPhaseInit
DEBUG: Finished subroutine HaldPhaseInit
DEBUG: Entering subroutine MagfValue
DEBUG: Finished subroutine MagfValue
DEBUG: Entering subroutine HaldPhaseValue
DEBUG: Finished subroutine HaldPhaseValue
DEBUG: Entering subroutine HamHopping
DEBUG: Finished subroutine HamHopping
DEBUG: Entering subroutine DiagInit
DEBUG: Finished subroutine DiagInit
DEBUG: Entering subroutine DiagBands
DEBUG: Finished subroutine DiagBands
